SF:lib\modules\search\data\models\result_search_model.dart
DA:6,2
DA:7,2
DA:9,0
DA:10,0
DA:11,0
DA:12,0
DA:13,0
DA:17,2
DA:18,2
DA:19,2
DA:20,2
DA:21,2
DA:25,0
DA:27,0
DA:28,0
LF:15
LH:7
end_of_record
SF:lib\modules\search\data\repositories\search_repository_impl.dart
DA:10,2
DA:13,2
DA:16,6
DA:17,2
DA:18,1
DA:19,0
DA:21,3
LF:7
LH:6
end_of_record
SF:lib\modules\search\domain\entities\result_search.dart
DA:6,2
LF:1
LH:1
end_of_record
SF:lib\modules\search\domain\errors\errors.dart
DA:6,2
DA:12,2
LF:2
LH:2
end_of_record
SF:lib\app_modules.dart
DA:14,1
DA:15,1
DA:16,3
DA:17,4
DA:18,4
DA:19,4
DA:20,1
DA:21,1
DA:24,1
DA:25,1
DA:26,1
DA:28,0
DA:30,1
DA:32,0
LF:14
LH:12
end_of_record
SF:lib\modules\search\presenter\search_page_with_bloc.dart
DA:10,5
DA:12,0
DA:13,0
DA:20,0
DA:22,0
DA:23,0
DA:26,0
DA:28,0
DA:29,0
DA:32,0
DA:33,0
DA:34,0
DA:36,0
DA:37,0
DA:38,0
DA:39,0
DA:40,0
DA:49,0
DA:50,0
DA:51,0
DA:52,0
DA:53,0
DA:55,0
DA:61,0
DA:67,0
DA:73,0
DA:75,0
DA:76,0
DA:77,0
DA:78,0
DA:79,0
DA:80,0
DA:81,0
DA:83,0
DA:84,0
LF:35
LH:1
end_of_record
SF:lib\modules\search\domain\usecases\search_text.dart
DA:14,2
DA:17,2
DA:19,2
DA:20,2
DA:22,6
LF:5
LH:5
end_of_record
SF:lib\modules\search\external\datasources\github_datasource.dart
DA:7,2
DA:8,2
DA:15,2
DA:18,2
DA:19,6
DA:20,4
DA:22,4
DA:23,4
DA:24,6
DA:25,2
DA:29,1
LF:11
LH:11
end_of_record
SF:lib\modules\search\presenter\bloc\search_bloc.dart
DA:9,3
DA:10,2
DA:11,2
DA:13,4
DA:15,5
DA:17,1
LF:6
LH:6
end_of_record
SF:lib\modules\search\presenter\bloc\state\search_state.dart
DA:9,1
DA:19,1
LF:2
LH:2
end_of_record
SF:lib\modules\search\presenter\controller\search_controller.g.dart
DA:15,0
DA:17,0
DA:18,0
DA:21,0
DA:23,0
DA:24,0
DA:31,0
DA:33,0
DA:34,0
DA:37,0
DA:40,0
DA:41,0
LF:12
LH:0
end_of_record
SF:lib\modules\search\presenter\controller\search_controller.dart
DA:12,0
DA:18,0
DA:19,0
DA:20,0
DA:22,0
DA:23,0
DA:24,0
LF:7
LH:0
end_of_record
SF:lib\modules\search\presenter\search_page_with_mobx.dart
DA:8,5
DA:10,0
DA:11,0
DA:18,0
DA:20,0
DA:21,0
DA:24,0
DA:25,0
DA:26,0
DA:28,0
DA:29,0
DA:30,0
DA:31,0
DA:32,0
DA:41,0
DA:42,0
DA:43,0
DA:44,0
DA:45,0
DA:46,0
DA:48,0
DA:49,0
DA:50,0
DA:52,0
DA:53,0
LF:25
LH:1
end_of_record
SF:lib\modules\search\presenter\bloc\state\search_event.dart
DA:6,1
LF:1
LH:1
end_of_record
