SF:lib\modules\search\data\models\result_search_model.dart
DA:6,2
DA:7,2
DA:9,0
DA:10,0
DA:11,0
DA:12,0
DA:13,0
DA:17,2
DA:18,2
DA:19,2
DA:20,2
DA:21,2
DA:25,0
DA:27,0
DA:28,0
LF:15
LH:7
end_of_record
SF:lib\modules\search\data\repositories\search_repository_impl.dart
DA:10,2
DA:13,2
DA:16,6
DA:17,2
DA:18,1
DA:19,0
DA:21,3
LF:7
LH:6
end_of_record
SF:lib\modules\search\domain\entities\result_search.dart
DA:6,2
LF:1
LH:1
end_of_record
SF:lib\modules\search\domain\errors\errors.dart
DA:6,2
DA:12,2
LF:2
LH:2
end_of_record
SF:lib\app_modules.dart
DA:12,1
DA:13,1
DA:14,3
DA:15,4
DA:16,4
DA:17,4
DA:18,1
DA:21,1
DA:22,1
DA:23,1
DA:25,0
LF:11
LH:10
end_of_record
SF:lib\modules\search\presenter\search_page.dart
DA:9,5
DA:11,0
DA:12,0
DA:19,0
DA:21,0
DA:22,0
DA:25,0
DA:27,0
DA:28,0
DA:31,0
DA:32,0
DA:33,0
DA:35,0
DA:36,0
DA:37,0
DA:38,0
DA:39,0
DA:48,0
DA:49,0
DA:50,0
DA:51,0
DA:52,0
DA:54,0
DA:60,0
DA:66,0
DA:72,0
DA:74,0
DA:75,0
DA:76,0
DA:77,0
DA:78,0
DA:79,0
DA:80,0
DA:82,0
DA:83,0
LF:35
LH:1
end_of_record
SF:lib\modules\search\domain\usecases\search_text.dart
DA:14,2
DA:17,2
DA:19,2
DA:20,2
DA:22,6
LF:5
LH:5
end_of_record
SF:lib\modules\search\external\datasources\github_datasource.dart
DA:7,2
DA:8,2
DA:15,2
DA:18,2
DA:19,6
DA:20,4
DA:22,4
DA:23,4
DA:24,6
DA:25,2
DA:29,1
LF:11
LH:11
end_of_record
SF:lib\modules\search\presenter\search\search_bloc.dart
DA:10,3
DA:11,2
DA:12,2
DA:14,4
DA:16,5
DA:18,1
LF:6
LH:6
end_of_record
SF:lib\modules\search\presenter\search\state\search_state.dart
DA:9,1
DA:19,1
LF:2
LH:2
end_of_record
SF:lib\modules\search\presenter\search\state\search_event.dart
DA:6,1
LF:1
LH:1
end_of_record
